<?xml version="1.0" encoding="UTF-8"?>
<!-- Generated by org.testng.reporters.JUnitXMLReporter -->
<testsuite hostname="DESKTOP-QMBPULJ" ignored="0" name="Default test" tests="4" failures="0" timestamp="17 七月 2017 06:06:51 GMT" time="1.044" errors="0">
  <testcase name="loginToWordpress" time="0.008" classname="DDT.WordPressLoginExcel"/>
  <testcase name="loginToWordpress" time="0.002" classname="DDT.WordPressLoginExcel"/>
  <testcase name="loginToWordpress" time="0.001" classname="DDT.WordPressLoginExcel"/>
  <testcase name="loginToWordpress" time="0.001" classname="DDT.WordPressLoginExcel"/>
</testsuite> <!-- Default test -->
