<?xml version="1.0" encoding="UTF-8"?>
<!-- Generated by org.testng.reporters.JUnitXMLReporter -->
<testsuite hostname="DESKTOP-QMBPULJ" ignored="0" name="Test(failed)(failed)(failed)(failed)" tests="1" failures="1" timestamp="15 七月 2017 02:59:48 GMT" time="0.029" errors="0">
  <testcase name="testWO" time="0.01" classname="TestNGClasses.TestCase3">
    <failure type="java.lang.AssertionError" message="expected [true] but found [false]">
      <![CDATA[java.lang.AssertionError: expected [true] but found [false]
	at TestNGClasses.TestCase3.testWO(TestCase3.java:9)
... Removed 29 stack frames]]>
    </failure>
  </testcase> <!-- testWO -->
</testsuite> <!-- Test(failed)(failed)(failed)(failed) -->
